Build started 4/26/2016 8:31:07 PM.
     1>Project "E:\programming\C++2\KitchenPOS\Project1\Project1\Project1\Project1.vcxproj" on node 2 (Build target(s)).
     1>Link:
         C:\Program Files (x86)\Microsoft Visual Studio 12.0\VC\bin\link.exe /ERRORREPORT:PROMPT /OUT:"E:\programming\C++2\KitchenPOS\Project1\Project1\Release\Project1.exe" /INCREMENTAL:NO /NOLOGO /ASSEMBLYRESOURCE:Release\Project1.MainPage.resources /ASSEMBLYRESOURCE:Release\Project1.TimePunch.resources /MANIFEST /MANIFESTUAC:"level='asInvoker' uiAccess='false'" /manifest:embed /DEBUG /PDB:"E:\programming\C++2\KitchenPOS\Project1\Project1\Release\Project1.pdb" /TLBID:1 /DYNAMICBASE /FIXED:NO /NXCOMPAT /MACHINE:X86 /SAFESEH Release\MainPage.obj
         Release\MyForm.obj
         Release\TimePunch.obj
         "Release\.NETFramework,Version=v4.5.AssemblyAttributes.obj"
     1>LINK : fatal error LNK1561: entry point must be defined
     1>Done Building Project "E:\programming\C++2\KitchenPOS\Project1\Project1\Project1\Project1.vcxproj" (Build target(s)) -- FAILED.

Build FAILED.

Time Elapsed 00:00:01.55
